# JRE version: OpenJDK Runtime Environment Temurin-21.0.9+10 (21.0.9+10) (build 21.0.9+10-LTS)
# Java VM: OpenJDK 64-Bit Server VM Temurin-21.0.9+10 (21.0.9+10-LTS, mixed mode, sharing, tiered, compressed oops, compressed class ptrs, parallel gc, windows-amd64)
GC Precious Log:
 CardTable entry size: 512
 CPUs: 12 total, 12 available
 Memory: 15712M
 Large Page Support: Disabled
 NUMA Support: Disabled
 Compressed Oops: Enabled (32-bit)
 Alignments: Space 512K, Generation 512K, Heap 2M
 Heap Min Capacity: 100M
 Heap Initial Capacity: 100M
 Heap Max Capacity: 2G
 Pre-touch: Disabled
 Parallel Workers: 10
Heap:
 PSYoungGen      total 12800K, used 9465K [0x00000000d5580000, 0x00000000d6580000, 0x0000000100000000)
  eden space 10752K, 85% used [0x00000000d5580000,0x00000000d5e6e540,0x00000000d6000000)
  from space 2048K, 15% used [0x00000000d6180000,0x00000000d61d0000,0x00000000d6380000)
  to   space 1024K, 0% used [0x00000000d6480000,0x00000000d6480000,0x00000000d6580000)
 ParOldGen       total 99328K, used 82143K [0x0000000080000000, 0x0000000086100000, 0x00000000d5580000)
  object space 99328K, 82% used [0x0000000080000000,0x0000000085037f80,0x0000000086100000)
 Metaspace       used 77554K, committed 79104K, reserved 1179648K
  class space    used 7879K, committed 8576K, reserved 1048576K
GC Heap History (20 events):
Event: 685.230 GC heap before
{Heap before GC invocations=158 (full 4):
 PSYoungGen      total 12288K, used 11584K [0x00000000d5580000, 0x00000000d6680000, 0x0000000100000000)
  eden space 10752K, 100% used [0x00000000d5580000,0x00000000d6000000,0x00000000d6000000)
  from space 1536K, 54% used [0x00000000d6380000,0x00000000d6450000,0x00000000d6500000)
  to   space 1024K, 0% used [0x00000000d6580000,0x00000000d6580000,0x00000000d6680000)
 ParOldGen       total 99328K, used 76696K [0x0000000080000000, 0x0000000086100000, 0x00000000d5580000)
  object space 99328K, 77% used [0x0000000080000000,0x0000000084ae61b0,0x0000000086100000)
 Metaspace       used 77200K, committed 78784K, reserved 1179648K
  class space    used 7873K, committed 8576K, reserved 1048576K
}
Event: 685.231 GC heap after
{Heap after GC invocations=158 (full 4):
 PSYoungGen      total 11264K, used 384K [0x00000000d5580000, 0x00000000d6600000, 0x0000000100000000)
  eden space 10752K, 0% used [0x00000000d5580000,0x00000000d5580000,0x00000000d6000000)
  from space 512K, 75% used [0x00000000d6580000,0x00000000d65e0000,0x00000000d6600000)
  to   space 1024K, 0% used [0x00000000d6400000,0x00000000d6400000,0x00000000d6500000)
 ParOldGen       total 99328K, used 76736K [0x0000000080000000, 0x0000000086100000, 0x00000000d5580000)
  object space 99328K, 77% used [0x0000000080000000,0x0000000084af01b0,0x0000000086100000)
 Metaspace       used 77200K, committed 78784K, reserved 1179648K
  class space    used 7873K, committed 8576K, reserved 1048576K
}
Event: 686.062 GC heap before
{Heap before GC invocations=159 (full 4):
 PSYoungGen      total 11264K, used 11136K [0x00000000d5580000, 0x00000000d6600000, 0x0000000100000000)
  eden space 10752K, 100% used [0x00000000d5580000,0x00000000d6000000,0x00000000d6000000)
  from space 512K, 75% used [0x00000000d6580000,0x00000000d65e0000,0x00000000d6600000)
  to   space 1024K, 0% used [0x00000000d6400000,0x00000000d6400000,0x00000000d6500000)
 ParOldGen       total 99328K, used 76736K [0x0000000080000000, 0x0000000086100000, 0x00000000d5580000)
  object space 99328K, 77% used [0x0000000080000000,0x0000000084af01b0,0x0000000086100000)
 Metaspace       used 77204K, committed 78848K, reserved 1179648K
  class space    used 7873K, committed 8576K, reserved 1048576K
}
Event: 686.063 GC heap after
{Heap after GC invocations=159 (full 4):
 PSYoungGen      total 11776K, used 320K [0x00000000d5580000, 0x00000000d6600000, 0x0000000100000000)
  eden space 10752K, 0% used [0x00000000d5580000,0x00000000d5580000,0x00000000d6000000)
  from space 1024K, 31% used [0x00000000d6400000,0x00000000d6450000,0x00000000d6500000)
  to   space 512K, 0% used [0x00000000d6580000,0x00000000d6580000,0x00000000d6600000)
 ParOldGen       total 99328K, used 76760K [0x0000000080000000, 0x0000000086100000, 0x00000000d5580000)
  object space 99328K, 77% used [0x0000000080000000,0x0000000084af61b0,0x0000000086100000)
 Metaspace       used 77204K, committed 78848K, reserved 1179648K
  class space    used 7873K, committed 8576K, reserved 1048576K
}
Event: 686.863 GC heap before
{Heap before GC invocations=160 (full 4):
 PSYoungGen      total 11776K, used 11072K [0x00000000d5580000, 0x00000000d6600000, 0x0000000100000000)
  eden space 10752K, 100% used [0x00000000d5580000,0x00000000d6000000,0x00000000d6000000)
  from space 1024K, 31% used [0x00000000d6400000,0x00000000d6450000,0x00000000d6500000)
  to   space 512K, 0% used [0x00000000d6580000,0x00000000d6580000,0x00000000d6600000)
 ParOldGen       total 99328K, used 76760K [0x0000000080000000, 0x0000000086100000, 0x00000000d5580000)
  object space 99328K, 77% used [0x0000000080000000,0x0000000084af61b0,0x0000000086100000)
 Metaspace       used 77240K, committed 78848K, reserved 1179648K
  class space    used 7878K, committed 8576K, reserved 1048576K
}
Event: 686.864 GC heap after
{Heap after GC invocations=160 (full 4):
 PSYoungGen      total 11264K, used 320K [0x00000000d5580000, 0x00000000d6600000, 0x0000000100000000)
  eden space 10752K, 0% used [0x00000000d5580000,0x00000000d5580000,0x00000000d6000000)
  from space 512K, 62% used [0x00000000d6580000,0x00000000d65d0000,0x00000000d6600000)
  to   space 512K, 0% used [0x00000000d6500000,0x00000000d6500000,0x00000000d6580000)
 ParOldGen       total 99328K, used 76800K [0x0000000080000000, 0x0000000086100000, 0x00000000d5580000)
  object space 99328K, 77% used [0x0000000080000000,0x0000000084b001b0,0x0000000086100000)
 Metaspace       used 77240K, committed 78848K, reserved 1179648K
  class space    used 7878K, committed 8576K, reserved 1048576K
}
Event: 687.898 GC heap before
{Heap before GC invocations=161 (full 4):
 PSYoungGen      total 11264K, used 11072K [0x00000000d5580000, 0x00000000d6600000, 0x0000000100000000)
  eden space 10752K, 100% used [0x00000000d5580000,0x00000000d6000000,0x00000000d6000000)
  from space 512K, 62% used [0x00000000d6580000,0x00000000d65d0000,0x00000000d6600000)
  to   space 512K, 0% used [0x00000000d6500000,0x00000000d6500000,0x00000000d6580000)
 ParOldGen       total 99328K, used 76800K [0x0000000080000000, 0x0000000086100000, 0x00000000d5580000)
  object space 99328K, 77% used [0x0000000080000000,0x0000000084b001b0,0x0000000086100000)
 Metaspace       used 77390K, committed 78976K, reserved 1179648K
  class space    used 7878K, committed 8576K, reserved 1048576K
}
Event: 687.899 GC heap after
{Heap after GC invocations=161 (full 4):
 PSYoungGen      total 11264K, used 496K [0x00000000d5580000, 0x00000000d6600000, 0x0000000100000000)
  eden space 10752K, 0% used [0x00000000d5580000,0x00000000d5580000,0x00000000d6000000)
  from space 512K, 96% used [0x00000000d6500000,0x00000000d657c010,0x00000000d6580000)
  to   space 512K, 0% used [0x00000000d6580000,0x00000000d6580000,0x00000000d6600000)
 ParOldGen       total 99328K, used 76944K [0x0000000080000000, 0x0000000086100000, 0x00000000d5580000)
  object space 99328K, 77% used [0x0000000080000000,0x0000000084b241b0,0x0000000086100000)
 Metaspace       used 77390K, committed 78976K, reserved 1179648K
  class space    used 7878K, committed 8576K, reserved 1048576K
}
Event: 688.489 GC heap before
{Heap before GC invocations=162 (full 4):
 PSYoungGen      total 11264K, used 11248K [0x00000000d5580000, 0x00000000d6600000, 0x0000000100000000)
  eden space 10752K, 100% used [0x00000000d5580000,0x00000000d6000000,0x00000000d6000000)
  from space 512K, 96% used [0x00000000d6500000,0x00000000d657c010,0x00000000d6580000)
  to   space 512K, 0% used [0x00000000d6580000,0x00000000d6580000,0x00000000d6600000)
 ParOldGen       total 99328K, used 76944K [0x0000000080000000, 0x0000000086100000, 0x00000000d5580000)
  object space 99328K, 77% used [0x0000000080000000,0x0000000084b241b0,0x0000000086100000)
 Metaspace       used 77405K, committed 78976K, reserved 1179648K
  class space    used 7878K, committed 8576K, reserved 1048576K
}
Event: 688.490 GC heap after
{Heap after GC invocations=162 (full 4):
 PSYoungGen      total 11264K, used 496K [0x00000000d5580000, 0x00000000d6600000, 0x0000000100000000)
  eden space 10752K, 0% used [0x00000000d5580000,0x00000000d5580000,0x00000000d6000000)
  from space 512K, 96% used [0x00000000d6580000,0x00000000d65fc010,0x00000000d6600000)
  to   space 1536K, 0% used [0x00000000d6300000,0x00000000d6300000,0x00000000d6480000)
 ParOldGen       total 99328K, used 77517K [0x0000000080000000, 0x0000000086100000, 0x00000000d5580000)
  object space 99328K, 78% used [0x0000000080000000,0x0000000084bb3650,0x0000000086100000)
 Metaspace       used 77405K, committed 78976K, reserved 1179648K
  class space    used 7878K, committed 8576K, reserved 1048576K
}
Event: 689.442 GC heap before
{Heap before GC invocations=163 (full 4):
 PSYoungGen      total 11264K, used 11248K [0x00000000d5580000, 0x00000000d6600000, 0x0000000100000000)
  eden space 10752K, 100% used [0x00000000d5580000,0x00000000d6000000,0x00000000d6000000)
  from space 512K, 96% used [0x00000000d6580000,0x00000000d65fc010,0x00000000d6600000)
  to   space 1536K, 0% used [0x00000000d6300000,0x00000000d6300000,0x00000000d6480000)
 ParOldGen       total 99328K, used 77517K [0x0000000080000000, 0x0000000086100000, 0x00000000d5580000)
  object space 99328K, 78% used [0x0000000080000000,0x0000000084bb3650,0x0000000086100000)
 Metaspace       used 77414K, committed 78976K, reserved 1179648K
  class space    used 7878K, committed 8576K, reserved 1048576K
}
Event: 689.443 GC heap after
{Heap after GC invocations=163 (full 4):
 PSYoungGen      total 12288K, used 576K [0x00000000d5580000, 0x00000000d6600000, 0x0000000100000000)
  eden space 10752K, 0% used [0x00000000d5580000,0x00000000d5580000,0x00000000d6000000)
  from space 1536K, 37% used [0x00000000d6300000,0x00000000d6390000,0x00000000d6480000)
  to   space 1024K, 0% used [0x00000000d6500000,0x00000000d6500000,0x00000000d6600000)
 ParOldGen       total 99328K, used 78017K [0x0000000080000000, 0x0000000086100000, 0x00000000d5580000)
  object space 99328K, 78% used [0x0000000080000000,0x0000000084c30520,0x0000000086100000)
 Metaspace       used 77414K, committed 78976K, reserved 1179648K
  class space    used 7878K, committed 8576K, reserved 1048576K
}
Event: 690.637 GC heap before
{Heap before GC invocations=164 (full 4):
 PSYoungGen      total 12288K, used 11310K [0x00000000d5580000, 0x00000000d6600000, 0x0000000100000000)
  eden space 10752K, 99% used [0x00000000d5580000,0x00000000d5ffb8d8,0x00000000d6000000)
  from space 1536K, 37% used [0x00000000d6300000,0x00000000d6390000,0x00000000d6480000)
  to   space 1024K, 0% used [0x00000000d6500000,0x00000000d6500000,0x00000000d6600000)
 ParOldGen       total 99328K, used 78017K [0x0000000080000000, 0x0000000086100000, 0x00000000d5580000)
  object space 99328K, 78% used [0x0000000080000000,0x0000000084c30520,0x0000000086100000)
 Metaspace       used 77439K, committed 79040K, reserved 1179648K
  class space    used 7878K, committed 8576K, reserved 1048576K
}
Event: 690.638 GC heap after
{Heap after GC invocations=164 (full 4):
 PSYoungGen      total 11776K, used 672K [0x00000000d5580000, 0x00000000d6600000, 0x0000000100000000)
  eden space 10752K, 0% used [0x00000000d5580000,0x00000000d5580000,0x00000000d6000000)
  from space 1024K, 65% used [0x00000000d6500000,0x00000000d65a8000,0x00000000d6600000)
  to   space 1024K, 0% used [0x00000000d6400000,0x00000000d6400000,0x00000000d6500000)
 ParOldGen       total 99328K, used 78153K [0x0000000080000000, 0x0000000086100000, 0x00000000d5580000)
  object space 99328K, 78% used [0x0000000080000000,0x0000000084c52520,0x0000000086100000)
 Metaspace       used 77439K, committed 79040K, reserved 1179648K
  class space    used 7878K, committed 8576K, reserved 1048576K
}
Event: 690.662 GC heap before
{Heap before GC invocations=165 (full 4):
 PSYoungGen      total 11776K, used 11424K [0x00000000d5580000, 0x00000000d6600000, 0x0000000100000000)
  eden space 10752K, 100% used [0x00000000d5580000,0x00000000d6000000,0x00000000d6000000)
  from space 1024K, 65% used [0x00000000d6500000,0x00000000d65a8000,0x00000000d6600000)
  to   space 1024K, 0% used [0x00000000d6400000,0x00000000d6400000,0x00000000d6500000)
 ParOldGen       total 99328K, used 78153K [0x0000000080000000, 0x0000000086100000, 0x00000000d5580000)
  object space 99328K, 78% used [0x0000000080000000,0x0000000084c52520,0x0000000086100000)
 Metaspace       used 77439K, committed 79040K, reserved 1179648K
  class space    used 7878K, committed 8576K, reserved 1048576K
}
Event: 690.663 GC heap after
{Heap after GC invocations=165 (full 4):
 PSYoungGen      total 11776K, used 1004K [0x00000000d5580000, 0x00000000d6a00000, 0x0000000100000000)
  eden space 10752K, 0% used [0x00000000d5580000,0x00000000d5580000,0x00000000d6000000)
  from space 1024K, 98% used [0x00000000d6400000,0x00000000d64fb138,0x00000000d6500000)
  to   space 5120K, 0% used [0x00000000d6500000,0x00000000d6500000,0x00000000d6a00000)
 ParOldGen       total 99328K, used 81447K [0x0000000080000000, 0x0000000086100000, 0x00000000d5580000)
  object space 99328K, 81% used [0x0000000080000000,0x0000000084f89f80,0x0000000086100000)
 Metaspace       used 77439K, committed 79040K, reserved 1179648K
  class space    used 7878K, committed 8576K, reserved 1048576K
}
Event: 692.744 GC heap before
{Heap before GC invocations=166 (full 4):
 PSYoungGen      total 11776K, used 11756K [0x00000000d5580000, 0x00000000d6a00000, 0x0000000100000000)
  eden space 10752K, 100% used [0x00000000d5580000,0x00000000d6000000,0x00000000d6000000)
  from space 1024K, 98% used [0x00000000d6400000,0x00000000d64fb138,0x00000000d6500000)
  to   space 5120K, 0% used [0x00000000d6500000,0x00000000d6500000,0x00000000d6a00000)
 ParOldGen       total 99328K, used 81447K [0x0000000080000000, 0x0000000086100000, 0x00000000d5580000)
  object space 99328K, 81% used [0x0000000080000000,0x0000000084f89f80,0x0000000086100000)
 Metaspace       used 77458K, committed 79040K, reserved 1179648K
  class space    used 7879K, committed 8576K, reserved 1048576K
}
Event: 692.745 GC heap after
{Heap after GC invocations=166 (full 4):
 PSYoungGen      total 11264K, used 416K [0x00000000d5580000, 0x00000000d6580000, 0x0000000100000000)
  eden space 10752K, 0% used [0x00000000d5580000,0x00000000d5580000,0x00000000d6000000)
  from space 512K, 81% used [0x00000000d6500000,0x00000000d6568000,0x00000000d6580000)
  to   space 2048K, 0% used [0x00000000d6180000,0x00000000d6180000,0x00000000d6380000)
 ParOldGen       total 99328K, used 81983K [0x0000000080000000, 0x0000000086100000, 0x00000000d5580000)
  object space 99328K, 82% used [0x0000000080000000,0x000000008500ff80,0x0000000086100000)
 Metaspace       used 77458K, committed 79040K, reserved 1179648K
  class space    used 7879K, committed 8576K, reserved 1048576K
}
Event: 698.061 GC heap before
{Heap before GC invocations=167 (full 4):
 PSYoungGen      total 11264K, used 11168K [0x00000000d5580000, 0x00000000d6580000, 0x0000000100000000)
  eden space 10752K, 100% used [0x00000000d5580000,0x00000000d6000000,0x00000000d6000000)
  from space 512K, 81% used [0x00000000d6500000,0x00000000d6568000,0x00000000d6580000)
  to   space 2048K, 0% used [0x00000000d6180000,0x00000000d6180000,0x00000000d6380000)
 ParOldGen       total 99328K, used 81983K [0x0000000080000000, 0x0000000086100000, 0x00000000d5580000)
  object space 99328K, 82% used [0x0000000080000000,0x000000008500ff80,0x0000000086100000)
 Metaspace       used 77507K, committed 79104K, reserved 1179648K
  class space    used 7879K, committed 8576K, reserved 1048576K
}
Event: 698.061 GC heap after
{Heap after GC invocations=167 (full 4):
 PSYoungGen      total 12800K, used 320K [0x00000000d5580000, 0x00000000d6580000, 0x0000000100000000)
  eden space 10752K, 0% used [0x00000000d5580000,0x00000000d5580000,0x00000000d6000000)
  from space 2048K, 15% used [0x00000000d6180000,0x00000000d61d0000,0x00000000d6380000)
  to   space 1024K, 0% used [0x00000000d6480000,0x00000000d6480000,0x00000000d6580000)
 ParOldGen       total 99328K, used 82143K [0x0000000080000000, 0x0000000086100000, 0x00000000d5580000)
  object space 99328K, 82% used [0x0000000080000000,0x0000000085037f80,0x0000000086100000)
 Metaspace       used 77507K, committed 79104K, reserved 1179648K
  class space    used 7879K, committed 8576K, reserved 1048576K
}

